# JRE version: OpenJDK Runtime Environment Corretto-17.0.3.6.1 (17.0.3+6) (build 17.0.3+6-LTS)
# Java VM: OpenJDK 64-Bit Server VM Corretto-17.0.3.6.1 (17.0.3+6-LTS, mixed mode, sharing, tiered, compressed oops, compressed class ptrs, g1 gc, windows-amd64)
GC Precious Log:
 CPUs: 12 total, 12 available
 Memory: 15182M
 Large Page Support: Disabled
 NUMA Support: Disabled
 Compressed Oops: Enabled (32-bit)
 Heap Region Size: 1M
 Heap Min Capacity: 256M
 Heap Initial Capacity: 256M
 Heap Max Capacity: 512M
 Pre-touch: Disabled
 Parallel Workers: 10
 Concurrent Workers: 3
 Concurrent Refinement Workers: 10
 Periodic GC: Disabled
Heap:
 garbage-first heap   total 275456K, used 209229K [0x00000000e0000000, 0x0000000100000000)
  region size 1024K, 60 young (61440K), 1 survivors (1024K)
 Metaspace       used 68364K, committed 69312K, reserved 278528K
  class space    used 9287K, committed 9728K, reserved 212992K
GC Heap History (20 events):
Event: 6.698 GC heap before
{Heap before GC invocations=10 (full 0):
 garbage-first heap   total 262144K, used 195417K [0x00000000e0000000, 0x0000000100000000)
  region size 1024K, 152 young (155648K), 12 survivors (12288K)
 Metaspace       used 54097K, committed 54784K, reserved 262144K
  class space    used 7603K, committed 7936K, reserved 212992K
}
Event: 6.705 GC heap after
{Heap after GC invocations=11 (full 0):
 garbage-first heap   total 262144K, used 56400K [0x00000000e0000000, 0x0000000100000000)
  region size 1024K, 5 young (5120K), 5 survivors (5120K)
 Metaspace       used 54097K, committed 54784K, reserved 262144K
  class space    used 7603K, committed 7936K, reserved 212992K
}
Event: 17.118 GC heap before
{Heap before GC invocations=11 (full 0):
 garbage-first heap   total 262144K, used 240720K [0x00000000e0000000, 0x0000000100000000)
  region size 1024K, 132 young (135168K), 5 survivors (5120K)
 Metaspace       used 59279K, committed 60096K, reserved 270336K
  class space    used 8278K, committed 8640K, reserved 212992K
}
Event: 17.129 GC heap after
{Heap after GC invocations=12 (full 0):
 garbage-first heap   total 269312K, used 134144K [0x00000000e0000000, 0x0000000100000000)
  region size 1024K, 19 young (19456K), 19 survivors (19456K)
 Metaspace       used 59279K, committed 60096K, reserved 270336K
  class space    used 8278K, committed 8640K, reserved 212992K
}
Event: 17.420 GC heap before
{Heap before GC invocations=12 (full 0):
 garbage-first heap   total 269312K, used 218112K [0x00000000e0000000, 0x0000000100000000)
  region size 1024K, 101 young (103424K), 19 survivors (19456K)
 Metaspace       used 59549K, committed 60352K, reserved 270336K
  class space    used 8288K, committed 8704K, reserved 212992K
}
Event: 17.429 GC heap after
{Heap after GC invocations=13 (full 0):
 garbage-first heap   total 269312K, used 140093K [0x00000000e0000000, 0x0000000100000000)
  region size 1024K, 6 young (6144K), 6 survivors (6144K)
 Metaspace       used 59549K, committed 60352K, reserved 270336K
  class space    used 8288K, committed 8704K, reserved 212992K
}
Event: 17.579 GC heap before
{Heap before GC invocations=13 (full 0):
 garbage-first heap   total 269312K, used 199485K [0x00000000e0000000, 0x0000000100000000)
  region size 1024K, 65 young (66560K), 6 survivors (6144K)
 Metaspace       used 59942K, committed 60736K, reserved 270336K
  class space    used 8330K, committed 8704K, reserved 212992K
}
Event: 17.581 GC heap after
{Heap after GC invocations=14 (full 0):
 garbage-first heap   total 269312K, used 140498K [0x00000000e0000000, 0x0000000100000000)
  region size 1024K, 7 young (7168K), 7 survivors (7168K)
 Metaspace       used 59942K, committed 60736K, reserved 270336K
  class space    used 8330K, committed 8704K, reserved 212992K
}
Event: 18.175 GC heap before
{Heap before GC invocations=15 (full 0):
 garbage-first heap   total 269312K, used 220370K [0x00000000e0000000, 0x0000000100000000)
  region size 1024K, 85 young (87040K), 7 survivors (7168K)
 Metaspace       used 66192K, committed 67072K, reserved 278528K
  class space    used 9076K, committed 9472K, reserved 212992K
}
Event: 18.180 GC heap after
{Heap after GC invocations=16 (full 0):
 garbage-first heap   total 269312K, used 145759K [0x00000000e0000000, 0x0000000100000000)
  region size 1024K, 8 young (8192K), 8 survivors (8192K)
 Metaspace       used 66192K, committed 67072K, reserved 278528K
  class space    used 9076K, committed 9472K, reserved 212992K
}
Event: 27.049 GC heap before
{Heap before GC invocations=16 (full 0):
 garbage-first heap   total 269312K, used 149855K [0x00000000e0000000, 0x0000000100000000)
  region size 1024K, 13 young (13312K), 8 survivors (8192K)
 Metaspace       used 66570K, committed 67456K, reserved 278528K
  class space    used 9118K, committed 9536K, reserved 212992K
}
Event: 27.052 GC heap after
{Heap after GC invocations=17 (full 0):
 garbage-first heap   total 269312K, used 144673K [0x00000000e0000000, 0x0000000100000000)
  region size 1024K, 2 young (2048K), 2 survivors (2048K)
 Metaspace       used 66570K, committed 67456K, reserved 278528K
  class space    used 9118K, committed 9536K, reserved 212992K
}
Event: 27.511 GC heap before
{Heap before GC invocations=17 (full 0):
 garbage-first heap   total 269312K, used 221473K [0x00000000e0000000, 0x0000000100000000)
  region size 1024K, 78 young (79872K), 2 survivors (2048K)
 Metaspace       used 67026K, committed 67968K, reserved 278528K
  class space    used 9165K, committed 9600K, reserved 212992K
}
Event: 27.516 GC heap after
{Heap after GC invocations=18 (full 0):
 garbage-first heap   total 269312K, used 150559K [0x00000000e0000000, 0x0000000100000000)
  region size 1024K, 8 young (8192K), 8 survivors (8192K)
 Metaspace       used 67026K, committed 67968K, reserved 278528K
  class space    used 9165K, committed 9600K, reserved 212992K
}
Event: 27.758 GC heap before
{Heap before GC invocations=19 (full 0):
 garbage-first heap   total 269312K, used 222239K [0x00000000e0000000, 0x0000000100000000)
  region size 1024K, 79 young (80896K), 8 survivors (8192K)
 Metaspace       used 67168K, committed 68096K, reserved 278528K
  class space    used 9166K, committed 9600K, reserved 212992K
}
Event: 27.762 GC heap after
{Heap after GC invocations=20 (full 0):
 garbage-first heap   total 269312K, used 152750K [0x00000000e0000000, 0x0000000100000000)
  region size 1024K, 3 young (3072K), 3 survivors (3072K)
 Metaspace       used 67168K, committed 68096K, reserved 278528K
  class space    used 9166K, committed 9600K, reserved 212992K
}
Event: 27.766 GC heap before
{Heap before GC invocations=20 (full 0):
 garbage-first heap   total 269312K, used 162990K [0x00000000e0000000, 0x0000000100000000)
  region size 1024K, 13 young (13312K), 3 survivors (3072K)
 Metaspace       used 67168K, committed 68096K, reserved 278528K
  class space    used 9166K, committed 9600K, reserved 212992K
}
Event: 27.767 GC heap after
{Heap after GC invocations=21 (full 0):
 garbage-first heap   total 269312K, used 149358K [0x00000000e0000000, 0x0000000100000000)
  region size 1024K, 1 young (1024K), 1 survivors (1024K)
 Metaspace       used 67168K, committed 68096K, reserved 278528K
  class space    used 9166K, committed 9600K, reserved 212992K
}
Event: 29.818 GC heap before
{Heap before GC invocations=21 (full 0):
 garbage-first heap   total 269312K, used 235374K [0x00000000e0000000, 0x0000000100000000)
  region size 1024K, 75 young (76800K), 1 survivors (1024K)
 Metaspace       used 68285K, committed 69248K, reserved 278528K
  class space    used 9278K, committed 9728K, reserved 212992K
}
Event: 29.819 GC heap after
{Heap after GC invocations=22 (full 0):
 garbage-first heap   total 269312K, used 149837K [0x00000000e0000000, 0x0000000100000000)
  region size 1024K, 1 young (1024K), 1 survivors (1024K)
 Metaspace       used 68285K, committed 69248K, reserved 278528K
  class space    used 9278K, committed 9728K, reserved 212992K
}

