# JRE version: OpenJDK Runtime Environment Corretto-17.0.3.6.1 (17.0.3+6) (build 17.0.3+6-LTS)
# Java VM: OpenJDK 64-Bit Server VM Corretto-17.0.3.6.1 (17.0.3+6-LTS, mixed mode, sharing, tiered, compressed oops, compressed class ptrs, g1 gc, windows-amd64)
GC Precious Log:
 CPUs: 12 total, 12 available
 Memory: 15182M
 Large Page Support: Disabled
 NUMA Support: Disabled
 Compressed Oops: Enabled (32-bit)
 Heap Region Size: 1M
 Heap Min Capacity: 256M
 Heap Initial Capacity: 256M
 Heap Max Capacity: 512M
 Pre-touch: Disabled
 Parallel Workers: 10
 Concurrent Workers: 3
 Concurrent Refinement Workers: 10
 Periodic GC: Disabled
Heap:
 garbage-first heap   total 262144K, used 106496K [0x00000000e0000000, 0x0000000100000000)
  region size 1024K, 4 young (4096K), 1 survivors (1024K)
 Metaspace       used 76325K, committed 77120K, reserved 286720K
  class space    used 10371K, committed 10752K, reserved 212992K
GC Heap History (20 events):
Event: 8.330 GC heap before
{Heap before GC invocations=7 (full 0):
 garbage-first heap   total 262144K, used 52806K [0x00000000e0000000, 0x0000000100000000)
  region size 1024K, 23 young (23552K), 9 survivors (9216K)
 Metaspace       used 35629K, committed 35968K, reserved 245760K
  class space    used 4928K, committed 5120K, reserved 212992K
}
Event: 8.335 GC heap after
{Heap after GC invocations=8 (full 0):
 garbage-first heap   total 262144K, used 40683K [0x00000000e0000000, 0x0000000100000000)
  region size 1024K, 10 young (10240K), 10 survivors (10240K)
 Metaspace       used 35629K, committed 35968K, reserved 245760K
  class space    used 4928K, committed 5120K, reserved 212992K
}
Event: 10.195 GC heap before
{Heap before GC invocations=9 (full 0):
 garbage-first heap   total 262144K, used 187115K [0x00000000e0000000, 0x0000000100000000)
  region size 1024K, 153 young (156672K), 10 survivors (10240K)
 Metaspace       used 47127K, committed 47552K, reserved 253952K
  class space    used 6500K, committed 6720K, reserved 212992K
}
Event: 10.203 GC heap after
{Heap after GC invocations=10 (full 0):
 garbage-first heap   total 262144K, used 49397K [0x00000000e0000000, 0x0000000100000000)
  region size 1024K, 19 young (19456K), 19 survivors (19456K)
 Metaspace       used 47127K, committed 47552K, reserved 253952K
  class space    used 6500K, committed 6720K, reserved 212992K
}
Event: 11.528 GC heap before
{Heap before GC invocations=10 (full 0):
 garbage-first heap   total 262144K, used 186613K [0x00000000e0000000, 0x0000000100000000)
  region size 1024K, 153 young (156672K), 19 survivors (19456K)
 Metaspace       used 56272K, committed 56896K, reserved 270336K
  class space    used 7896K, committed 8192K, reserved 212992K
}
Event: 11.542 GC heap after
{Heap after GC invocations=11 (full 0):
 garbage-first heap   total 262144K, used 62253K [0x00000000e0000000, 0x0000000100000000)
  region size 1024K, 20 young (20480K), 20 survivors (20480K)
 Metaspace       used 56272K, committed 56896K, reserved 270336K
  class space    used 7896K, committed 8192K, reserved 212992K
}
Event: 13.580 GC heap before
{Heap before GC invocations=11 (full 0):
 garbage-first heap   total 262144K, used 197421K [0x00000000e0000000, 0x0000000100000000)
  region size 1024K, 153 young (156672K), 20 survivors (20480K)
 Metaspace       used 58326K, committed 58944K, reserved 270336K
  class space    used 8115K, committed 8448K, reserved 212992K
}
Event: 13.592 GC heap after
{Heap after GC invocations=12 (full 0):
 garbage-first heap   total 262144K, used 72217K [0x00000000e0000000, 0x0000000100000000)
  region size 1024K, 10 young (10240K), 10 survivors (10240K)
 Metaspace       used 58326K, committed 58944K, reserved 270336K
  class space    used 8115K, committed 8448K, reserved 212992K
}
Event: 13.800 GC heap before
{Heap before GC invocations=12 (full 0):
 garbage-first heap   total 262144K, used 117273K [0x00000000e0000000, 0x0000000100000000)
  region size 1024K, 56 young (57344K), 10 survivors (10240K)
 Metaspace       used 59771K, committed 60416K, reserved 270336K
  class space    used 8308K, committed 8576K, reserved 212992K
}
Event: 13.808 GC heap after
{Heap after GC invocations=13 (full 0):
 garbage-first heap   total 262144K, used 78805K [0x00000000e0000000, 0x0000000100000000)
  region size 1024K, 16 young (16384K), 16 survivors (16384K)
 Metaspace       used 59771K, committed 60416K, reserved 270336K
  class space    used 8308K, committed 8576K, reserved 212992K
}
Event: 16.312 GC heap before
{Heap before GC invocations=14 (full 0):
 garbage-first heap   total 262144K, used 202709K [0x00000000e0000000, 0x0000000100000000)
  region size 1024K, 136 young (139264K), 16 survivors (16384K)
 Metaspace       used 70774K, committed 71488K, reserved 278528K
  class space    used 9662K, committed 9984K, reserved 212992K
}
Event: 16.326 GC heap after
{Heap after GC invocations=15 (full 0):
 garbage-first heap   total 262144K, used 95316K [0x00000000e0000000, 0x0000000100000000)
  region size 1024K, 17 young (17408K), 17 survivors (17408K)
 Metaspace       used 70774K, committed 71488K, reserved 278528K
  class space    used 9662K, committed 9984K, reserved 212992K
}
Event: 16.338 GC heap before
{Heap before GC invocations=15 (full 0):
 garbage-first heap   total 262144K, used 95316K [0x00000000e0000000, 0x0000000100000000)
  region size 1024K, 18 young (18432K), 17 survivors (17408K)
 Metaspace       used 70935K, committed 71616K, reserved 278528K
  class space    used 9693K, committed 9984K, reserved 212992K
}
Event: 16.345 GC heap after
{Heap after GC invocations=16 (full 0):
 garbage-first heap   total 262144K, used 98609K [0x00000000e0000000, 0x0000000100000000)
  region size 1024K, 3 young (3072K), 3 survivors (3072K)
 Metaspace       used 70935K, committed 71616K, reserved 278528K
  class space    used 9693K, committed 9984K, reserved 212992K
}
Event: 18.216 GC heap before
{Heap before GC invocations=16 (full 0):
 garbage-first heap   total 262144K, used 204081K [0x00000000e0000000, 0x0000000100000000)
  region size 1024K, 104 young (106496K), 3 survivors (3072K)
 Metaspace       used 74835K, committed 75584K, reserved 278528K
  class space    used 10164K, committed 10496K, reserved 212992K
}
Event: 18.221 GC heap after
{Heap after GC invocations=17 (full 0):
 garbage-first heap   total 262144K, used 108534K [0x00000000e0000000, 0x0000000100000000)
  region size 1024K, 11 young (11264K), 11 survivors (11264K)
 Metaspace       used 74835K, committed 75584K, reserved 278528K
  class space    used 10164K, committed 10496K, reserved 212992K
}
Event: 19.671 GC heap before
{Heap before GC invocations=18 (full 0):
 garbage-first heap   total 262144K, used 202742K [0x00000000e0000000, 0x0000000100000000)
  region size 1024K, 104 young (106496K), 11 survivors (11264K)
 Metaspace       used 76220K, committed 76992K, reserved 286720K
  class space    used 10356K, committed 10688K, reserved 212992K
}
Event: 19.677 GC heap after
{Heap after GC invocations=19 (full 0):
 garbage-first heap   total 262144K, used 109734K [0x00000000e0000000, 0x0000000100000000)
  region size 1024K, 9 young (9216K), 9 survivors (9216K)
 Metaspace       used 76220K, committed 76992K, reserved 286720K
  class space    used 10356K, committed 10688K, reserved 212992K
}
Event: 19.681 GC heap before
{Heap before GC invocations=19 (full 0):
 garbage-first heap   total 262144K, used 112806K [0x00000000e0000000, 0x0000000100000000)
  region size 1024K, 12 young (12288K), 9 survivors (9216K)
 Metaspace       used 76243K, committed 76992K, reserved 286720K
  class space    used 10361K, committed 10688K, reserved 212992K
}
Event: 19.684 GC heap after
{Heap after GC invocations=20 (full 0):
 garbage-first heap   total 262144K, used 104448K [0x00000000e0000000, 0x0000000100000000)
  region size 1024K, 1 young (1024K), 1 survivors (1024K)
 Metaspace       used 76243K, committed 76992K, reserved 286720K
  class space    used 10361K, committed 10688K, reserved 212992K
}

